<?xml version="1.0" encoding="UTF-8"?>
<coverage generated="1590490298562" clover="4.4.1">
   <project name="RedBlackTree 0.0.1-SNAPSHOT" timestamp="1590490294182">
      <metrics coveredelements="498" complexity="131" loc="765" methods="42" classes="5" statements="312" packages="1" coveredconditionals="148" coveredmethods="42" elements="514" ncloc="517" files="3" conditionals="160" coveredstatements="308"/>
      <package name="net.mooctest">
         <metrics coveredelements="498" complexity="131" loc="765" methods="42" classes="5" statements="312" coveredconditionals="148" coveredmethods="42" elements="514" ncloc="517" files="3" conditionals="160" coveredstatements="308"/>
         <file path="C:\Users\QRX\Desktop\MyWorkplace\Postgraduate\Tasks\task4_atom_test_generation\TrySlicer\AtomTestExperiment\ats_AStarEX\result1528516697964-origin\src\main\java\net\mooctest\AbstractBinaryTree.java" name="AbstractBinaryTree.java">
            <metrics coveredelements="235" coveredconditionals="73" complexity="68" loc="393" coveredmethods="25" methods="25" elements="240" classes="1" ncloc="241" statements="137" conditionals="78" coveredstatements="137"/>
            <class name="AbstractBinaryTree">
               <metrics coveredelements="235" coveredconditionals="73" complexity="68" coveredmethods="25" methods="25" elements="240" statements="137" conditionals="78" coveredstatements="137"/>
            </class>
            <line complexity="5" visibility="public" signature="search(int) : Node" num="35" count="4011" type="method"/>
            <line num="36" count="4011" type="stmt"/>
            <line num="37" count="4011" type="stmt"/>
            <line falsecount="4011" truecount="133547" num="37" type="cond"/>
            <line num="38" count="133547" type="stmt"/>
            <line falsecount="67695" truecount="65852" num="38" type="cond"/>
            <line num="39" count="65852" type="stmt"/>
            <line num="41" count="67695" type="stmt"/>
            <line num="44" count="4011" type="stmt"/>
            <line complexity="6" visibility="public" signature="insert(int) : Node" num="53" count="3003" type="method"/>
            <line num="54" count="3003" type="stmt"/>
            <line falsecount="3000" truecount="3" num="54" type="cond"/>
            <line num="55" count="3" type="stmt"/>
            <line num="56" count="3" type="stmt"/>
            <line num="57" count="3" type="stmt"/>
            <line num="60" count="3000" type="stmt"/>
            <line num="61" count="3000" type="stmt"/>
            <line num="62" count="3000" type="stmt"/>
            <line falsecount="3000" truecount="155464" num="62" type="cond"/>
            <line num="63" count="155464" type="stmt"/>
            <line num="64" count="155464" type="stmt"/>
            <line falsecount="77732" truecount="77732" num="64" type="cond"/>
            <line num="65" count="77732" type="stmt"/>
            <line num="67" count="77732" type="stmt"/>
            <line num="71" count="3000" type="stmt"/>
            <line num="72" count="3000" type="stmt"/>
            <line falsecount="1500" truecount="1500" num="72" type="cond"/>
            <line num="73" count="1500" type="stmt"/>
            <line num="75" count="1500" type="stmt"/>
            <line num="78" count="3000" type="stmt"/>
            <line num="79" count="3000" type="stmt"/>
            <line complexity="2" visibility="public" signature="delete(int) : Node" num="91" count="2005" type="method"/>
            <line num="92" count="2005" type="stmt"/>
            <line num="93" count="2005" type="stmt"/>
            <line falsecount="2" truecount="2003" num="93" type="cond"/>
            <line num="94" count="2003" type="stmt"/>
            <line num="96" count="2" type="stmt"/>
            <line complexity="6" visibility="protected" signature="delete(Node) : Node" num="109" count="1004" type="method"/>
            <line num="110" count="1004" type="stmt"/>
            <line falsecount="1" truecount="1003" num="110" type="cond"/>
            <line num="111" count="1003" type="stmt"/>
            <line num="112" count="1003" type="stmt"/>
            <line falsecount="0" truecount="1003" num="112" type="cond"/>
            <line num="113" count="1003" type="stmt"/>
            <line falsecount="498" truecount="505" num="113" type="cond"/>
            <line num="114" count="505" type="stmt"/>
            <line num="115" count="498" type="stmt"/>
            <line falsecount="16" truecount="482" num="115" type="cond"/>
            <line num="116" count="482" type="stmt"/>
            <line num="118" count="16" type="stmt"/>
            <line num="119" count="16" type="stmt"/>
            <line falsecount="4" truecount="12" num="119" type="cond"/>
            <line num="120" count="12" type="stmt"/>
            <line num="121" count="12" type="stmt"/>
            <line num="122" count="12" type="stmt"/>
            <line num="124" count="16" type="stmt"/>
            <line num="125" count="16" type="stmt"/>
            <line num="126" count="16" type="stmt"/>
            <line num="127" count="16" type="stmt"/>
            <line num="129" count="1003" type="stmt"/>
            <line num="132" count="1003" type="stmt"/>
            <line num="134" count="1" type="stmt"/>
            <line complexity="4" visibility="private" signature="transplant(Node,Node) : Node" num="147" count="1015" type="method"/>
            <line num="148" count="1015" type="stmt"/>
            <line falsecount="1008" truecount="7" num="148" type="cond"/>
            <line num="149" count="7" type="stmt"/>
            <line num="150" count="1008" type="stmt"/>
            <line falsecount="503" truecount="505" num="150" type="cond"/>
            <line num="151" count="505" type="stmt"/>
            <line num="153" count="503" type="stmt"/>
            <line num="155" count="1015" type="stmt"/>
            <line falsecount="30" truecount="985" num="155" type="cond"/>
            <line num="156" count="985" type="stmt"/>
            <line num="158" count="1015" type="stmt"/>
            <line complexity="1" visibility="public" signature="contains(int) : boolean" num="165" count="2004" type="method"/>
            <line num="166" count="2004" type="stmt"/>
            <line complexity="1" visibility="public" signature="getMinimum() : int" num="172" count="3" type="method"/>
            <line num="173" count="3" type="stmt"/>
            <line complexity="1" visibility="public" signature="getMaximum() : int" num="179" count="3" type="method"/>
            <line num="180" count="3" type="stmt"/>
            <line complexity="1" visibility="public" signature="getSuccessor(int) : int" num="191" count="1" type="method"/>
            <line num="192" count="1" type="stmt"/>
            <line complexity="1" visibility="public" signature="getSize() : int" num="198" count="5" type="method"/>
            <line num="199" count="5" type="stmt"/>
            <line complexity="1" visibility="public" signature="printTreeInOrder() : void" num="205" count="1" type="method"/>
            <line num="206" count="1" type="stmt"/>
            <line complexity="1" visibility="public" signature="printTreePreOrder() : void" num="212" count="1" type="method"/>
            <line num="213" count="1" type="stmt"/>
            <line complexity="1" visibility="public" signature="printTreePostOrder() : void" num="219" count="1" type="method"/>
            <line num="220" count="1" type="stmt"/>
            <line complexity="3" visibility="private" signature="printTreeInOrder(Node) : void" num="225" count="12007" type="method"/>
            <line num="226" count="12007" type="stmt"/>
            <line falsecount="6006" truecount="6001" num="226" type="cond"/>
            <line num="227" count="6001" type="stmt"/>
            <line num="228" count="6001" type="stmt"/>
            <line falsecount="3003" truecount="2998" num="228" type="cond"/>
            <line num="229" count="2998" type="stmt"/>
            <line num="231" count="6001" type="stmt"/>
            <line complexity="3" visibility="private" signature="printTreePreOrder(Node) : void" num="235" count="1" type="method"/>
            <line num="236" count="1" type="stmt"/>
            <line falsecount="0" truecount="1" num="236" type="cond"/>
            <line num="237" count="1" type="stmt"/>
            <line falsecount="0" truecount="1" num="237" type="cond"/>
            <line num="238" count="1" type="stmt"/>
            <line num="240" count="1" type="stmt"/>
            <line num="241" count="1" type="stmt"/>
            <line complexity="3" visibility="private" signature="printTreePostOrder(Node) : void" num="245" count="1" type="method"/>
            <line num="246" count="1" type="stmt"/>
            <line falsecount="0" truecount="1" num="246" type="cond"/>
            <line num="247" count="1" type="stmt"/>
            <line num="248" count="1" type="stmt"/>
            <line num="249" count="1" type="stmt"/>
            <line falsecount="0" truecount="1" num="249" type="cond"/>
            <line num="250" count="1" type="stmt"/>
            <line complexity="2" visibility="protected" signature="getMinimum(Node) : Node" num="255" count="18" type="method"/>
            <line num="256" count="18" type="stmt"/>
            <line falsecount="18" truecount="1120" num="256" type="cond"/>
            <line num="257" count="1120" type="stmt"/>
            <line num="259" count="18" type="stmt"/>
            <line complexity="2" visibility="protected" signature="getMaximum(Node) : Node" num="262" count="1" type="method"/>
            <line num="263" count="1" type="stmt"/>
            <line falsecount="1" truecount="2" num="263" type="cond"/>
            <line num="264" count="2" type="stmt"/>
            <line num="266" count="1" type="stmt"/>
            <line complexity="4" visibility="protected" signature="getSuccessor(Node) : Node" num="269" count="2" type="method"/>
            <line num="272" count="2" type="stmt"/>
            <line falsecount="1" truecount="1" num="272" type="cond"/>
            <line num="273" count="1" type="stmt"/>
            <line num="276" count="1" type="stmt"/>
            <line num="277" count="1" type="stmt"/>
            <line num="278" count="1" type="stmt"/>
            <line falsecount="1" truecount="2" num="278" type="cond"/>
            <line num="281" count="2" type="stmt"/>
            <line num="282" count="2" type="stmt"/>
            <line num="284" count="1" type="stmt"/>
            <line complexity="1" visibility="public" signature="printTree() : void" num="288" count="1" type="method"/>
            <line num="289" count="1" type="stmt"/>
            <line complexity="3" visibility="public" signature="printSubtree(Node) : void" num="292" count="2" type="method"/>
            <line num="293" count="2" type="stmt"/>
            <line falsecount="1" truecount="1" num="293" type="cond"/>
            <line num="294" count="1" type="stmt"/>
            <line num="296" count="2" type="stmt"/>
            <line num="297" count="2" type="stmt"/>
            <line falsecount="1" truecount="1" num="297" type="cond"/>
            <line num="298" count="1" type="stmt"/>
            <line complexity="2" visibility="private" signature="printNodeValue(Node) : void" num="302" count="1004" type="method"/>
            <line num="303" count="1004" type="stmt"/>
            <line falsecount="1003" truecount="1" num="303" type="cond"/>
            <line num="304" count="1" type="stmt"/>
            <line num="306" count="1003" type="stmt"/>
            <line num="308" count="1004" type="stmt"/>
            <line complexity="6" visibility="private" signature="printTree(Node,boolean,String) : void" num="311" count="1002" type="method"/>
            <line num="312" count="1002" type="stmt"/>
            <line falsecount="502" truecount="500" num="312" type="cond"/>
            <line num="313" count="500" type="stmt"/>
            <line falsecount="2" truecount="498" num="313" type="cond"/>
            <line num="315" count="1002" type="stmt"/>
            <line num="316" count="1002" type="stmt"/>
            <line falsecount="501" truecount="501" num="316" type="cond"/>
            <line num="317" count="501" type="stmt"/>
            <line num="319" count="501" type="stmt"/>
            <line num="321" count="1002" type="stmt"/>
            <line num="322" count="1002" type="stmt"/>
            <line num="323" count="1002" type="stmt"/>
            <line falsecount="502" truecount="500" num="323" type="cond"/>
            <line num="324" count="500" type="stmt"/>
            <line falsecount="498" truecount="2" num="324" type="cond"/>
            <line complexity="4" visibility="protected" signature="rotateLeft(Node) : Node" num="335" count="3" type="method"/>
            <line num="336" count="3" type="stmt"/>
            <line num="337" count="3" type="stmt"/>
            <line num="339" count="3" type="stmt"/>
            <line num="340" count="3" type="stmt"/>
            <line falsecount="1" truecount="2" num="340" type="cond"/>
            <line num="341" count="2" type="stmt"/>
            <line num="344" count="3" type="stmt"/>
            <line num="345" count="3" type="stmt"/>
            <line num="348" count="3" type="stmt"/>
            <line falsecount="1" truecount="2" num="348" type="cond"/>
            <line num="349" count="2" type="stmt"/>
            <line falsecount="1" truecount="1" num="349" type="cond"/>
            <line num="350" count="1" type="stmt"/>
            <line num="352" count="1" type="stmt"/>
            <line num="355" count="1" type="stmt"/>
            <line num="358" count="3" type="stmt"/>
            <line complexity="4" visibility="protected" signature="rotateRight(Node) : Node" num="368" count="3" type="method"/>
            <line num="369" count="3" type="stmt"/>
            <line num="370" count="3" type="stmt"/>
            <line num="372" count="3" type="stmt"/>
            <line num="373" count="3" type="stmt"/>
            <line falsecount="1" truecount="2" num="373" type="cond"/>
            <line num="374" count="2" type="stmt"/>
            <line num="377" count="3" type="stmt"/>
            <line num="378" count="3" type="stmt"/>
            <line num="381" count="3" type="stmt"/>
            <line falsecount="1" truecount="2" num="381" type="cond"/>
            <line num="382" count="2" type="stmt"/>
            <line falsecount="1" truecount="1" num="382" type="cond"/>
            <line num="383" count="1" type="stmt"/>
            <line num="385" count="1" type="stmt"/>
            <line num="388" count="1" type="stmt"/>
            <line num="391" count="3" type="stmt"/>
         </file>
         <file path="C:\Users\QRX\Desktop\MyWorkplace\Postgraduate\Tasks\task4_atom_test_generation\TrySlicer\AtomTestExperiment\ats_AStarEX\result1528516697964-origin\src\main\java\net\mooctest\Node.java" name="Node.java">
            <metrics coveredelements="39" coveredconditionals="12" complexity="11" loc="46" coveredmethods="4" methods="4" elements="41" classes="1" ncloc="40" statements="23" conditionals="14" coveredstatements="23"/>
            <class name="Node">
               <metrics coveredelements="39" coveredconditionals="12" complexity="11" coveredmethods="4" methods="4" elements="41" statements="23" conditionals="14" coveredstatements="23"/>
            </class>
            <line complexity="1" visibility="public" signature="Node(Integer,Node,Node,Node)" num="4" count="3018" type="method"/>
            <line num="5" count="3018" type="stmt"/>
            <line num="6" count="3018" type="stmt"/>
            <line num="7" count="3018" type="stmt"/>
            <line num="8" count="3018" type="stmt"/>
            <line num="9" count="3018" type="stmt"/>
            <line complexity="1" visibility="public" signature="isLeaf() : boolean" num="17" count="3" type="method"/>
            <line num="18" count="3" type="stmt"/>
            <line complexity="2" visibility="public" signature="hashCode() : int" num="21" count="1000" type="method"/>
            <line num="23" count="1000" type="stmt"/>
            <line num="24" count="1000" type="stmt"/>
            <line num="25" count="1000" type="stmt"/>
            <line falsecount="1000" truecount="0" num="25" type="cond"/>
            <line num="26" count="1000" type="stmt"/>
            <line complexity="7" visibility="public" signature="equals(Object) : boolean" num="29" count="1005" type="method"/>
            <line num="31" count="1005" type="stmt"/>
            <line falsecount="5" truecount="1000" num="31" type="cond"/>
            <line num="32" count="1000" type="stmt"/>
            <line num="33" count="5" type="stmt"/>
            <line falsecount="4" truecount="1" num="33" type="cond"/>
            <line num="34" count="1" type="stmt"/>
            <line num="35" count="4" type="stmt"/>
            <line falsecount="3" truecount="1" num="35" type="cond"/>
            <line num="36" count="1" type="stmt"/>
            <line num="37" count="3" type="stmt"/>
            <line num="38" count="3" type="stmt"/>
            <line falsecount="1" truecount="2" num="38" type="cond"/>
            <line num="39" count="2" type="stmt"/>
            <line falsecount="1" truecount="1" num="39" type="cond"/>
            <line num="40" count="1" type="stmt"/>
            <line num="41" count="1" type="stmt"/>
            <line falsecount="0" truecount="1" num="41" type="cond"/>
            <line num="42" count="1" type="stmt"/>
            <line num="43" count="1" type="stmt"/>
         </file>
         <file path="C:\Users\QRX\Desktop\MyWorkplace\Postgraduate\Tasks\task4_atom_test_generation\TrySlicer\AtomTestExperiment\ats_AStarEX\result1528516697964-origin\src\main\java\net\mooctest\RedBlackTree.java" name="RedBlackTree.java">
            <metrics coveredelements="224" coveredconditionals="63" complexity="52" loc="326" coveredmethods="13" methods="13" elements="233" classes="3" ncloc="236" statements="152" conditionals="68" coveredstatements="148"/>
            <class name="RedBlackTree">
               <metrics coveredelements="221" coveredconditionals="63" complexity="51" coveredmethods="12" methods="12" elements="230" statements="150" conditionals="68" coveredstatements="146"/>
            </class>
            <class name="RedBlackTree.ColorEnum">
               <metrics coveredelements="0" coveredconditionals="0" complexity="0" coveredmethods="0" methods="0" elements="0" statements="0" conditionals="0" coveredstatements="0"/>
            </class>
            <class name="RedBlackTree.RedBlackNode">
               <metrics coveredelements="3" coveredconditionals="0" complexity="1" coveredmethods="1" methods="1" elements="3" statements="2" conditionals="0" coveredstatements="2"/>
            </class>
            <line complexity="1" visibility="public" signature="insert(int) : Node" num="14" count="2000" type="method"/>
            <line num="16" count="2000" type="stmt"/>
            <line num="17" count="2000" type="stmt"/>
            <line num="18" count="2000" type="stmt"/>
            <line num="19" count="2000" type="stmt"/>
            <line num="20" count="2000" type="stmt"/>
            <line num="21" count="2000" type="stmt"/>
            <line complexity="7" visibility="protected" signature="delete(Node) : Node" num="29" count="1000" type="method"/>
            <line num="31" count="1000" type="stmt"/>
            <line num="32" count="1000" type="stmt"/>
            <line falsecount="0" truecount="1000" num="32" type="cond"/>
            <line num="33" count="1000" type="stmt"/>
            <line num="35" count="1000" type="stmt"/>
            <line num="37" count="1000" type="stmt"/>
            <line falsecount="515" truecount="485" num="37" type="cond"/>
            <line num="38" count="485" type="stmt"/>
            <line num="39" count="485" type="stmt"/>
            <line num="40" count="515" type="stmt"/>
            <line falsecount="415" truecount="100" num="40" type="cond"/>
            <line num="41" count="100" type="stmt"/>
            <line num="42" count="100" type="stmt"/>
            <line num="44" count="415" type="stmt"/>
            <line num="45" count="415" type="stmt"/>
            <line num="46" count="415" type="stmt"/>
            <line num="47" count="415" type="stmt"/>
            <line falsecount="242" truecount="173" num="47" type="cond"/>
            <line num="48" count="173" type="stmt"/>
            <line num="50" count="242" type="stmt"/>
            <line num="51" count="242" type="stmt"/>
            <line num="52" count="242" type="stmt"/>
            <line num="54" count="415" type="stmt"/>
            <line num="55" count="415" type="stmt"/>
            <line num="56" count="415" type="stmt"/>
            <line num="57" count="415" type="stmt"/>
            <line num="60" count="1000" type="stmt"/>
            <line num="61" count="1000" type="stmt"/>
            <line falsecount="457" truecount="543" num="61" type="cond"/>
            <line num="62" count="543" type="stmt"/>
            <line num="66" count="1000" type="stmt"/>
            <line complexity="1" visibility="protected" signature="createNode(int,Node,Node,Node) : Node" num="75" count="2000" type="method"/>
            <line num="77" count="2000" type="stmt"/>
            <line complexity="2" visibility="protected" signature="getMinimum(Node) : Node" num="83" count="417" type="method"/>
            <line num="85" count="417" type="stmt"/>
            <line falsecount="417" truecount="489" num="85" type="cond"/>
            <line num="86" count="489" type="stmt"/>
            <line num="88" count="417" type="stmt"/>
            <line complexity="2" visibility="protected" signature="getMaximum(Node) : Node" num="94" count="2" type="method"/>
            <line num="96" count="2" type="stmt"/>
            <line falsecount="2" truecount="24" num="96" type="cond"/>
            <line num="97" count="24" type="stmt"/>
            <line num="99" count="2" type="stmt"/>
            <line complexity="4" visibility="protected" signature="rotateLeft(Node) : Node" num="105" count="1080" type="method"/>
            <line num="107" count="1080" type="stmt"/>
            <line num="108" count="1080" type="stmt"/>
            <line num="110" count="1080" type="stmt"/>
            <line num="111" count="1080" type="stmt"/>
            <line falsecount="550" truecount="530" num="111" type="cond"/>
            <line num="112" count="530" type="stmt"/>
            <line num="115" count="1080" type="stmt"/>
            <line num="116" count="1080" type="stmt"/>
            <line num="119" count="1080" type="stmt"/>
            <line falsecount="10" truecount="1070" num="119" type="cond"/>
            <line num="120" count="1070" type="stmt"/>
            <line falsecount="1013" truecount="57" num="120" type="cond"/>
            <line num="121" count="57" type="stmt"/>
            <line num="123" count="1013" type="stmt"/>
            <line num="126" count="10" type="stmt"/>
            <line num="129" count="1080" type="stmt"/>
            <line complexity="4" visibility="protected" signature="rotateRight(Node) : Node" num="135" count="1076" type="method"/>
            <line num="137" count="1076" type="stmt"/>
            <line num="138" count="1076" type="stmt"/>
            <line num="140" count="1076" type="stmt"/>
            <line num="141" count="1076" type="stmt"/>
            <line falsecount="552" truecount="524" num="141" type="cond"/>
            <line num="142" count="524" type="stmt"/>
            <line num="145" count="1076" type="stmt"/>
            <line num="146" count="1076" type="stmt"/>
            <line num="149" count="1076" type="stmt"/>
            <line falsecount="10" truecount="1066" num="149" type="cond"/>
            <line num="150" count="1066" type="stmt"/>
            <line falsecount="62" truecount="1004" num="150" type="cond"/>
            <line num="151" count="1004" type="stmt"/>
            <line num="153" count="62" type="stmt"/>
            <line num="156" count="10" type="stmt"/>
            <line num="159" count="1076" type="stmt"/>
            <line complexity="3" visibility="private" signature="rbTreeTransplant(Node,Node) : Node" num="166" count="1242" type="method"/>
            <line num="167" count="1242" type="stmt"/>
            <line falsecount="1234" truecount="8" num="167" type="cond"/>
            <line num="168" count="8" type="stmt"/>
            <line num="169" count="1234" type="stmt"/>
            <line falsecount="499" truecount="735" num="169" type="cond"/>
            <line num="170" count="735" type="stmt"/>
            <line num="172" count="499" type="stmt"/>
            <line num="174" count="1242" type="stmt"/>
            <line num="175" count="1242" type="stmt"/>
            <line complexity="14" visibility="private" signature="deleteRBFixup(RedBlackNode) : void" num="181" count="543" type="method"/>
            <line num="182" count="543" type="stmt"/>
            <line falsecount="543" truecount="715" num="182" type="cond"/>
            <line num="184" count="715" type="stmt"/>
            <line falsecount="362" truecount="353" num="184" type="cond"/>
            <line num="185" count="353" type="stmt"/>
            <line num="186" count="353" type="stmt"/>
            <line falsecount="302" truecount="51" num="186" type="cond"/>
            <line num="187" count="51" type="stmt"/>
            <line num="188" count="51" type="stmt"/>
            <line num="189" count="51" type="stmt"/>
            <line num="190" count="51" type="stmt"/>
            <line num="193" count="353" type="stmt"/>
            <line falsecount="95" truecount="258" num="193" type="cond"/>
            <line num="194" count="258" type="stmt"/>
            <line num="195" count="258" type="stmt"/>
            <line num="196" count="95" type="stmt"/>
            <line falsecount="64" truecount="31" num="196" type="cond"/>
            <line num="197" count="31" type="stmt"/>
            <line falsecount="18" truecount="13" num="197" type="cond"/>
            <line num="199" count="13" type="stmt"/>
            <line num="200" count="13" type="stmt"/>
            <line num="201" count="13" type="stmt"/>
            <line num="202" count="13" type="stmt"/>
            <line num="204" count="31" type="stmt"/>
            <line num="205" count="31" type="stmt"/>
            <line num="206" count="31" type="stmt"/>
            <line num="207" count="31" type="stmt"/>
            <line num="208" count="31" type="stmt"/>
            <line num="210" count="64" type="stmt"/>
            <line num="211" count="64" type="stmt"/>
            <line num="214" count="362" type="stmt"/>
            <line num="215" count="362" type="stmt"/>
            <line falsecount="306" truecount="56" num="215" type="cond"/>
            <line num="216" count="56" type="stmt"/>
            <line num="217" count="56" type="stmt"/>
            <line num="218" count="56" type="stmt"/>
            <line num="219" count="56" type="stmt"/>
            <line num="222" count="362" type="stmt"/>
            <line falsecount="57" truecount="305" num="222" type="cond"/>
            <line num="223" count="305" type="stmt"/>
            <line num="224" count="305" type="stmt"/>
            <line num="225" count="57" type="stmt"/>
            <line falsecount="33" truecount="24" num="225" type="cond"/>
            <line num="226" count="24" type="stmt"/>
            <line falsecount="9" truecount="15" num="226" type="cond"/>
            <line num="227" count="15" type="stmt"/>
            <line num="228" count="15" type="stmt"/>
            <line num="229" count="15" type="stmt"/>
            <line num="230" count="15" type="stmt"/>
            <line num="232" count="24" type="stmt"/>
            <line num="233" count="24" type="stmt"/>
            <line num="234" count="24" type="stmt"/>
            <line num="235" count="24" type="stmt"/>
            <line num="236" count="24" type="stmt"/>
            <line num="238" count="33" type="stmt"/>
            <line num="239" count="33" type="stmt"/>
            <line complexity="2" visibility="private" signature="isBlack(Node) : boolean" num="246" count="2557" type="method"/>
            <line num="247" count="2557" type="stmt"/>
            <line falsecount="97" truecount="2460" num="247" type="cond"/>
            <line complexity="2" visibility="private" signature="isRed(Node) : boolean" num="250" count="715" type="method"/>
            <line num="251" count="715" type="stmt"/>
            <line falsecount="0" truecount="715" num="251" type="cond"/>
            <line complexity="9" visibility="private" signature="insertRBFixup(RedBlackNode) : void" num="258" count="2000" type="method"/>
            <line num="261" count="2000" type="stmt"/>
            <line falsecount="2000" truecount="3922" num="261" type="cond"/>
            <line num="262" count="3922" type="stmt"/>
            <line num="263" count="3922" type="stmt"/>
            <line num="264" count="3922" type="stmt"/>
            <line falsecount="1961" truecount="1961" num="264" type="cond"/>
            <line num="265" count="1961" type="stmt"/>
            <line num="268" count="1961" type="stmt"/>
            <line falsecount="983" truecount="978" num="268" type="cond"/>
            <line num="269" count="978" type="stmt"/>
            <line num="270" count="978" type="stmt"/>
            <line num="271" count="978" type="stmt"/>
            <line num="274" count="978" type="stmt"/>
            <line num="278" count="983" type="stmt"/>
            <line falsecount="983" truecount="0" num="278" type="cond"/>
            <line num="279" count="0" type="stmt"/>
            <line num="280" count="0" type="stmt"/>
            <line num="283" count="983" type="stmt"/>
            <line num="284" count="983" type="stmt"/>
            <line num="285" count="983" type="stmt"/>
            <line num="287" count="1961" type="stmt"/>
            <line falsecount="0" truecount="1961" num="287" type="cond"/>
            <line num="288" count="1961" type="stmt"/>
            <line num="291" count="1961" type="stmt"/>
            <line falsecount="983" truecount="978" num="291" type="cond"/>
            <line num="292" count="978" type="stmt"/>
            <line num="293" count="978" type="stmt"/>
            <line num="294" count="978" type="stmt"/>
            <line num="297" count="978" type="stmt"/>
            <line num="301" count="983" type="stmt"/>
            <line falsecount="983" truecount="0" num="301" type="cond"/>
            <line num="302" count="0" type="stmt"/>
            <line num="303" count="0" type="stmt"/>
            <line num="306" count="983" type="stmt"/>
            <line num="307" count="983" type="stmt"/>
            <line num="308" count="983" type="stmt"/>
            <line num="314" count="2000" type="stmt"/>
            <line complexity="1" visibility="public" signature="RedBlackNode(Integer,Node,Node,Node,ColorEnum)" num="320" count="2001" type="method"/>
            <line num="321" count="2001" type="stmt"/>
            <line num="322" count="2001" type="stmt"/>
         </file>
      </package>
   </project>
   <testproject name="RedBlackTree 0.0.1-SNAPSHOT" timestamp="1590490294182">
      <metrics coveredelements="92" complexity="6" loc="127" methods="3" classes="2" statements="83" packages="1" coveredconditionals="6" coveredmethods="3" elements="92" ncloc="110" files="1" conditionals="6" coveredstatements="83"/>
      <package name="net.mooctest">
         <metrics coveredelements="92" complexity="6" loc="127" methods="3" classes="2" statements="83" coveredconditionals="6" coveredmethods="3" elements="92" ncloc="110" files="1" conditionals="6" coveredstatements="83"/>
         <file path="C:\Users\QRX\Desktop\MyWorkplace\Postgraduate\Tasks\task4_atom_test_generation\TrySlicer\AtomTestExperiment\ats_AStarEX\result1528516697964-origin\src\test\java\net\mooctest\RedBlackTreeTest.java" name="RedBlackTreeTest.java">
            <metrics coveredelements="92" coveredconditionals="6" complexity="6" loc="127" coveredmethods="3" methods="3" elements="92" classes="2" ncloc="110" statements="83" conditionals="6" coveredstatements="83"/>
            <class name="RedBlackTreeTest">
               <metrics coveredelements="90" complexity="5" methods="2" testruns="2" statements="82" coveredconditionals="6" coveredmethods="2" elements="90" testfailures="0" testduration="0.101" conditionals="6" coveredstatements="82" testpasses="2"/>
            </class>
            <class name="RedBlackTreeTest.MooctestHasNoBTree">
               <metrics coveredelements="2" coveredconditionals="0" complexity="1" coveredmethods="1" methods="1" elements="2" statements="1" conditionals="0" coveredstatements="1"/>
            </class>
            <line complexity="3" visibility="public" signature="test() : void" num="16" testsuccess="true" count="1" testduration="0.02" type="method"/>
            <line num="18" count="1" type="stmt"/>
            <line num="19" count="1" type="stmt"/>
            <line num="20" count="1" type="stmt"/>
            <line num="22" count="1" type="stmt"/>
            <line num="23" count="1" type="stmt"/>
            <line num="24" count="1" type="stmt"/>
            <line num="25" count="1" type="stmt"/>
            <line falsecount="1" truecount="1000" num="25" type="cond"/>
            <line num="26" count="1000" type="stmt"/>
            <line num="27" count="1000" type="stmt"/>
            <line num="28" count="1000" type="stmt"/>
            <line num="30" count="1" type="stmt"/>
            <line num="31" count="1" type="stmt"/>
            <line num="32" count="1" type="stmt"/>
            <line num="33" count="1" type="stmt"/>
            <line num="35" count="1" type="stmt"/>
            <line num="36" count="1" type="stmt"/>
            <line num="38" count="1" type="stmt"/>
            <line num="39" count="1" type="stmt"/>
            <line num="40" count="1" type="stmt"/>
            <line num="41" count="1" type="stmt"/>
            <line num="42" count="1" type="stmt"/>
            <line num="44" count="1" type="stmt"/>
            <line num="45" count="1" type="stmt"/>
            <line num="46" count="1000" type="stmt"/>
            <line num="47" count="1000" type="stmt"/>
            <line num="48" count="1000" type="stmt"/>
            <line num="49" count="1000" type="stmt"/>
            <line num="51" count="1" type="stmt"/>
            <line num="53" count="1" type="stmt"/>
            <line num="54" count="1" type="stmt"/>
            <line num="55" count="1" type="stmt"/>
            <line falsecount="1" truecount="1000" num="55" type="cond"/>
            <line num="56" count="1000" type="stmt"/>
            <line num="58" count="1" type="stmt"/>
            <line num="59" count="1" type="stmt"/>
            <line num="60" count="1" type="stmt"/>
            <line num="61" count="1" type="stmt"/>
            <line num="63" count="1" type="stmt"/>
            <line num="64" count="1" type="stmt"/>
            <line num="65" count="1" type="stmt"/>
            <line num="66" count="1" type="stmt"/>
            <line num="67" count="1" type="stmt"/>
            <line num="68" count="1" type="stmt"/>
            <line num="69" count="1" type="stmt"/>
            <line num="70" count="1" type="stmt"/>
            <line complexity="2" visibility="public" signature="testBTree() : void" num="73" testsuccess="true" count="1" testduration="0.081" type="method"/>
            <line num="75" count="1" type="stmt"/>
            <line num="76" count="1" type="stmt"/>
            <line num="77" count="1" type="stmt"/>
            <line num="78" count="1" type="stmt"/>
            <line num="79" count="1" type="stmt"/>
            <line num="80" count="1" type="stmt"/>
            <line falsecount="1" truecount="500" num="80" type="cond"/>
            <line num="81" count="500" type="stmt"/>
            <line num="82" count="500" type="stmt"/>
            <line num="84" count="1" type="stmt"/>
            <line num="85" count="1" type="stmt"/>
            <line num="86" count="1" type="stmt"/>
            <line num="87" count="1" type="stmt"/>
            <line num="88" count="1" type="stmt"/>
            <line num="89" count="1" type="stmt"/>
            <line num="90" count="1" type="stmt"/>
            <line num="91" count="1" type="stmt"/>
            <line num="92" count="1" type="stmt"/>
            <line num="93" count="1" type="stmt"/>
            <line num="94" count="1" type="stmt"/>
            <line num="95" count="1" type="stmt"/>
            <line num="96" count="1" type="stmt"/>
            <line num="97" count="1" type="stmt"/>
            <line num="99" count="1" type="stmt"/>
            <line num="100" count="1" type="stmt"/>
            <line num="101" count="1" type="stmt"/>
            <line num="102" count="1" type="stmt"/>
            <line num="103" count="1" type="stmt"/>
            <line num="104" count="1" type="stmt"/>
            <line num="105" count="1" type="stmt"/>
            <line num="106" count="1" type="stmt"/>
            <line num="108" count="1" type="stmt"/>
            <line num="109" count="1" type="stmt"/>
            <line num="110" count="1" type="stmt"/>
            <line num="112" count="1" type="stmt"/>
            <line num="113" count="1" type="stmt"/>
            <line num="114" count="1003" type="stmt"/>
            <line num="115" count="1003" type="stmt"/>
            <line num="117" count="1" type="stmt"/>
            <line complexity="1" visibility="protected" signature="createNode(int,Node,Node,Node) : Node" num="121" count="1003" type="method"/>
            <line num="123" count="1003" type="stmt"/>
         </file>
      </package>
   </testproject>
</coverage>